C51 COMPILER V8.12   HOMEAUTOMATION                                                        02/20/2017 20:00:57 PAGE 1   


C51 COMPILER V8.12, COMPILATION OF MODULE HOMEAUTOMATION
OBJECT MODULE PLACED IN homeAutomation.OBJ
COMPILER INVOKED BY: C:\Keil\C51\BIN\C51.EXE homeAutomation.c BROWSE DEBUG OBJECTEXTEND

line level    source

   1          #include<reg51.h>
   2          #include<string.h>
   3          #include<stdio.h>
   4          #define lcd P2 //DB0-DB7
   5          
   6          void uc_init();
   7          void lcd_init();
   8          void delay(int);
   9          void character(unsigned char);
  10          void cmd(unsigned char);
  11          void lcdPrint(unsigned char *);
  12          void number(int);
  13          
  14          void uart_init();
  15          void Tx(unsigned char);
  16          void serialPrint(unsigned char *ptr);
  17          
  18          //lcd control signals
  19          sbit rs = P3^6;
  20          sbit en = P3^7;
  21          sbit pirPin = P3^4;
  22          
  23          sbit fan = P1^0;
  24          sbit light1 = P1^1;
  25          sbit light2 = P1^2;
  26          
  27          char myData[20],myMsg[70];
  28          unsigned char d = 1, m = 1,msgRead=0, msgInfo=0,pirFlag=0; //For counting the received SBUF Data bytes
  29          unsigned char i1=1,i2=2,i3=3,i4=4,i5=5,i6=6,i7=7,i8=8,i9=9,i10=10;
  30          
  31          void main()
  32          {
  33   1              uc_init(); //Configuring I/O Ports 
  34   1              lcd_init(); //initializing lcd
  35   1              uart_init(); //Configuring serial communication
  36   1      
  37   1              lcdPrint("    WELCOME!");
  38   1              delay(1000);                //delay of 1 sec i.e. 1000msec
  39   1              cmd(0x01);
  40   1              lcdPrint("HOME AUTOMATION");
  41   1              delay(2000);
  42   1              
  43   1              cmd(0x01);
  44   1              cmd(0x80);
  45   1              lcdPrint("Initializing The");
  46   1              cmd(0xc0);
  47   1              lcdPrint("System.");
  48   1              delay(1000);
  49   1              cmd(0xc7);
  50   1              lcdPrint(".");
  51   1              delay(1000);
  52   1              cmd(0xc8);
  53   1              lcdPrint(".");
  54   1              delay(2000);    
  55   1              cmd(0x01);
C51 COMPILER V8.12   HOMEAUTOMATION                                                        02/20/2017 20:00:57 PAGE 2   

  56   1              lcdPrint("8051 is Ready");
  57   1              delay(1000);
  58   1              
  59   1              serialPrint("AT");
  60   1              Tx(0x0d);
  61   1              delay(500);
  62   1      
  63   1              serialPrint("AT+CMGF=1");
  64   1              Tx(0x0d);
  65   1              delay(500);
  66   1      
  67   1              serialPrint("AT+CNMI=2,2,0,0,0"); 
  68   1              Tx(0x0d);
  69   1              delay(500);
  70   1              
  71   1              cmd(0x01);
  72   1              lcdPrint("GSM is Ready");
  73   1              delay(2000);
  74   1              cmd(0x01);
  75   1              
  76   1              lcdPrint("HOME AUTOMATION");
  77   1              
  78   1              //The received message is in the form of
  79   1              //+CMF: "+91xxxxxxxxxx","","dd/mm/yy,hh:mm:ss+22"
  80   1              //my message contents
  81   1                      
  82   1              while(1)                                          //do this process continuously
  83   1              {
  84   2                      
  85   2                      if(RI==1)   //when any data is received at rxd line
  86   2                      {        
  87   3                              myData[d]=SBUF;
  88   3                              if(myData[d]=='*')
  89   3                              {
  90   4                                      msgRead=1;
  91   4                                      d=1;
  92   4                                      m=1;
  93   4                                      myData[d]='*';
  94   4                              }
  95   3      
  96   3                              if(msgRead==1)
  97   3                              {
  98   4                                      myMsg[m]=myData[d];
  99   4                                      m++;
 100   4                              }
 101   3                              
 102   3                              if(myMsg[i1]=='*' && myMsg[i2]=='L' && myMsg[i3]=='1' && myMsg[i4]=='O' && myMsg[i5]=='N') //If L1ON me
             -ssage is received   
 103   3                              {
 104   4                                      cmd(0x01);
 105   4                                      lcdPrint("LIGHT1 ON");
 106   4                                      light1 = 1;
 107   4                               // light2 = 0;
 108   4                               // fan = 0;
 109   4                                      
 110   4                                      m=1;
 111   4                                      d=1;
 112   4                                      msgRead=0;
 113   4                                      myMsg[i5]='#';   //this is for non detection of the same message again
 114   4                              }
 115   3                              
 116   3                              if(myMsg[i1]=='*' && myMsg[i2]=='L' && myMsg[i3]=='1' && myMsg[i4]=='O' && myMsg[i5]=='F' && myMsg[i6]=
C51 COMPILER V8.12   HOMEAUTOMATION                                                        02/20/2017 20:00:57 PAGE 3   

             -='F') //If L1OFF message is received
 117   3                              {
 118   4                                      cmd(0x01);
 119   4                                      lcdPrint("LIGHT1 OFF");
 120   4                                      light1 = 0;
 121   4                               // light2 = 0;
 122   4                               // fan = 0;
 123   4                                      
 124   4                                      m=1;
 125   4                                      d=1;
 126   4                                      msgRead=0;
 127   4                                      myMsg[i5]='#';
 128   4                              }
 129   3                              
 130   3                              if(myMsg[i1]=='*' && myMsg[i2]=='L' && myMsg[i3]=='2' && myMsg[i4]=='O' && myMsg[i5]=='N') //If L2ON me
             -ssage is received   
 131   3                              {
 132   4                                      cmd(0x01);
 133   4                                      lcdPrint("LIGHT2 ON");
 134   4                              //      light1 = 0;
 135   4                                light2 = 1;
 136   4                              //  fan = 0;
 137   4                                      
 138   4                                      m=1;
 139   4                                      d=1;
 140   4                                      msgRead=0;
 141   4                                      myMsg[i5]='#';   //this is for non detection of the same message again
 142   4                              }
 143   3                              
 144   3                              if(myMsg[i1]=='*' && myMsg[i2]=='L' && myMsg[i3]=='2' && myMsg[i4]=='O' && myMsg[i5]=='F' && myMsg[i6]=
             -='F') //If L2OFF message is received
 145   3                              {
 146   4                                      cmd(0x01);
 147   4                                      lcdPrint("LIGHT2 OFF");
 148   4                              //      light1 = 0;
 149   4                                light2 = 0;
 150   4                              //  fan = 0;
 151   4                                      
 152   4                                      m=1;
 153   4                                      d=1;
 154   4                                      msgRead=0;
 155   4                                      myMsg[i5]='#';
 156   4                              }
 157   3                              
 158   3                              if(myMsg[i1]=='*' && myMsg[i2]=='F' && myMsg[i3]=='O' && myMsg[i4]=='N') //If FON message is received  
             - 
 159   3                              {
 160   4                                      cmd(0x01);
 161   4                                      lcdPrint("FAN ON");
 162   4                              //      light1 = 0;
 163   4                              //  light2 = 0;
 164   4                                fan = 1;
 165   4                                      
 166   4                                      m=1;
 167   4                                      d=1;
 168   4                                      msgRead=0;
 169   4                                      myMsg[i4]='#';   //this is for non detection of the same message again
 170   4                              }
 171   3                              
 172   3                              if(myMsg[i1]=='*' && myMsg[i2]=='F' && myMsg[i3]=='O' && myMsg[i4]=='F' && myMsg[i5]=='F') //If FOFF me
             -ssage is received   
 173   3                              {
C51 COMPILER V8.12   HOMEAUTOMATION                                                        02/20/2017 20:00:57 PAGE 4   

 174   4                                      cmd(0x01);
 175   4                                      lcdPrint("FAN OFF");
 176   4                                      //light1 = 0;
 177   4                              //  light2 = 0;
 178   4                                fan = 0;
 179   4                                      
 180   4                                      m=1;
 181   4                                      d=1;
 182   4                                      msgRead=0;
 183   4                                      myMsg[i4]='#';   //this is for non detection of the same message again
 184   4                              }
 185   3                              
 186   3                              RI=0;
 187   3                              d++;
 188   3                              
 189   3                      }
 190   2                                                      
 191   2                      if(pirPin == 1 && pirFlag == 0)    //wait till pir sensor o/p becomes high i.e. when it senses any human
 192   2                      {
 193   3                              cmd(0x01);
 194   3                              cmd(0x80);
 195   3                          lcdPrint("Motion Detected!");
 196   3                              light1 = 1;
 197   3                              light2 = 1;
 198   3                              fan = 1;
 199   3                              pirFlag=1;
 200   3                      }               
 201   2              }       
 202   1      }
 203          
 204          void uc_init()
 205          {
 206   1              pirPin = 1;     //making as i/p port 
 207   1      
 208   1              //making as o/p port
 209   1              lcd=0x00;
 210   1              rs=0;
 211   1              en=0;  
 212   1      
 213   1              light1 = 0;
 214   1              light2 = 0;
 215   1              fan = 0; 
 216   1      }
 217          
 218          void lcd_init()
 219          {
 220   1              cmd(0x38); //8-bit mode with 5*7 matrix
 221   1              cmd(0x0c); //display on with cursor =>(0ch=curson off; 0fh=cursor blinking; 0eh=cursor on
 222   1              cmd(0x01); //clear the screen
 223   1              cmd(0x06); //shift cursor =>(06h right--> ; 04h <---left; default=right--->)
 224   1              cmd(0x80); //position =>(80=1st row 1st position; c0=2nd row 1st position)
 225   1      }
 226          void cmd(unsigned char ch)
 227          {
 228   1              lcd=ch;
 229   1              rs=0;
 230   1              en=1;
 231   1              delay(2);
 232   1              en=0;
 233   1      }
 234          void character(unsigned char ch)
 235          {
C51 COMPILER V8.12   HOMEAUTOMATION                                                        02/20/2017 20:00:57 PAGE 5   

 236   1              lcd=ch;
 237   1              rs=1;
 238   1              en=1;
 239   1              delay(2);
 240   1              en=0;
 241   1      }
 242          
 243          void lcdPrint(unsigned char *p)
 244          {
 245   1              while(*p)
 246   1              character(*p++);
 247   1      }
 248          
 249          void number(int n)
 250          {
 251   1              unsigned char i=1,arr[5];
 252   1              if(n<0)
 253   1              {
 254   2                      character('-'); //signed representation for negative number
 255   2                      n=-n; //taking magnitude
 256   2              }
 257   1              if(n==0)
 258   1                      character('0');
 259   1              while(n>0)
 260   1              {
 261   2                      arr[i]=(n%10)+48;
 262   2                      n=n/10;
 263   2                      i++;
 264   2              }
 265   1              for(--i;i>0;i--) //problem with >=; remedy=> initialize i=1 and stop at i>0
 266   1                      character(arr[i]);      
 267   1      }
 268          
 269          void delay(int d)
 270          {
 271   1              unsigned char i;
 272   1              for(;d>0;d--)
 273   1              {
 274   2                      for(i=250;i>0;i--); //500usec
 275   2                      for(i=250;i>0;i--); //500usec
 276   2              }
 277   1      }
 278          //----------------------End of LCD Code-------------------------------------------------//
 279          
 280          //------------------------GSM Code------------------------------------------------//
 281          void uart_init()
 282          {
 283   1              TMOD=0x20;
 284   1              TH1=0xFD;
 285   1              SCON=0x50;
 286   1              TR1=1;
 287   1      //      IE=0x90;
 288   1      }
 289          
 290          void Tx(unsigned char ch)
 291          {
 292   1              SBUF=ch;
 293   1              while(TI==0);
 294   1              TI=0;
 295   1      }
 296          
 297          void serialPrint(unsigned char *ptr)
C51 COMPILER V8.12   HOMEAUTOMATION                                                        02/20/2017 20:00:57 PAGE 6   

 298          {
 299   1              while(*ptr)
 300   1              Tx(*ptr++);
 301   1      }


MODULE INFORMATION:   STATIC OVERLAYABLE
   CODE SIZE        =   1147    ----
   CONSTANT SIZE    =    188    ----
   XDATA SIZE       =   ----    ----
   PDATA SIZE       =   ----    ----
   DATA SIZE        =    105      14
   IDATA SIZE       =   ----    ----
   BIT SIZE         =   ----    ----
END OF MODULE INFORMATION.


C51 COMPILATION COMPLETE.  0 WARNING(S),  0 ERROR(S)
