C51 COMPILER V8.12   GAS_LEAK_DETECTOR                                                     05/15/2016 21:10:44 PAGE 1   


C51 COMPILER V8.12, COMPILATION OF MODULE GAS_LEAK_DETECTOR
OBJECT MODULE PLACED IN gas_leak_detector.OBJ
COMPILER INVOKED BY: C:\Keil\C51\BIN\C51.EXE gas_leak_detector.c BROWSE DEBUG OBJECTEXTEND

line level    source

   1          #include<reg51.h>
   2          #define lcd P2
   3          
   4           //functions' declaration
   5           void lcd_init();
   6           void uc_init();
   7           void character(unsigned char);
   8           void cmd(unsigned char);
   9           void string(unsigned char *);
  10           void number(int);
  11          
  12           void uart_init();
  13           void gstring(unsigned char *p);
  14           void Tx(unsigned char ch);
  15           void lpg_msg();
  16          
  17           void delay(int); 
  18           void buzzer(unsigned char b);
  19          
  20           sbit rs=P3^3;
  21           sbit en=P3^4;
  22          
  23           sbit buz=P3^5;
  24          
  25           unsigned char s=0;
  26          
  27          //---------------ISR----------------//
  28          void ext0() interrupt 0
  29          {
  30   1                      cmd(0x01);
  31   1                      cmd(0x80);
  32   1                      string("Danger!!!");
  33   1                      cmd(0xc0);
  34   1                      string("LPG Gas Leakage");
  35   1                      buzzer(2);
  36   1      
  37   1                      if(s==0)
  38   1                      lpg_msg();
  39   1      
  40   1                      cmd(0x01);
  41   1                      cmd(0x80);
  42   1                      string("Danger!!!");
  43   1                      cmd(0xc0);
  44   1                      string("LPG Gas Leakage");
  45   1                      
  46   1                      while(1)
  47   1                              buzzer(1);       
  48   1      }
  49          //----------End of ISR-------------//
  50          
  51          void main()
  52          {
  53   1              uc_init();
  54   1              lcd_init();
  55   1              uart_init();
C51 COMPILER V8.12   GAS_LEAK_DETECTOR                                                     05/15/2016 21:10:44 PAGE 2   

  56   1              string("  LPG Leakage");
  57   1              cmd(0xc0);
  58   1              string("   Detection");
  59   1              delay(2000);
  60   1              while(1);
  61   1      }
  62          
  63          //---------------microcontroller initialzation-----------//
  64          void uc_init()
  65          {
  66   1              lcd=0x00;
  67   1              rs=0;
  68   1              en=0;
  69   1              buz=0;
  70   1      //configuring interrupts
  71   1              EA=1;
  72   1              EX0=1;
  73   1      }
  74          //-----------------microcontroller has been initialized-----------//
  75          
  76          //--------------------------LCD Code-------------------//
  77          void lcd_init()
  78          {
  79   1      //      cmd(0x20);
  80   1      //      cmd(0x28);
  81   1      //      cmd(0x30);
  82   1              cmd(0x01);         //clear the screen c
  83   1      
  84   1              cmd(0x38);         //8-bit mode with 5*7 matrix
  85   1              cmd(0x0c);         //display on with cursor =>(0ch=curson off; 0fh=cursor blinking; 0eh=curson on)
  86   1              
  87   1              
  88   1              cmd(0x06);         //shift cursor =>(06h right--> ; 04h <---left; default=right--->)
  89   1              cmd(0x80);         //position =>(80=1st row 1st position; c0=2nd row 1st position)
  90   1      }
  91          
  92          void cmd(unsigned char ch)
  93          {
  94   1              lcd=ch;
  95   1              rs=0;
  96   1              en=1;
  97   1              delay(2);
  98   1              en=0;
  99   1      }
 100          
 101          void character(unsigned char ch)
 102          {
 103   1              lcd=ch;
 104   1              rs=1;
 105   1              en=1;
 106   1              delay(2);
 107   1              en=0;
 108   1      }
 109          
 110          void string(unsigned char *p)
 111          {
 112   1              while(*p)
 113   1              character(*p++);
 114   1      }
 115          
 116          void number(int n)
 117          {       
C51 COMPILER V8.12   GAS_LEAK_DETECTOR                                                     05/15/2016 21:10:44 PAGE 3   

 118   1              unsigned char i=1,arr[5];
 119   1      
 120   1              if(n<0)
 121   1              {
 122   2                      character('-');           //signed representation for negative number
 123   2                      n=-n;                             //taking magnitude 
 124   2              }
 125   1              if(n==0)
 126   1                      character('0');
 127   1              while(n>0)
 128   1              {
 129   2                      arr[i]=(n%10)+48;
 130   2                      n=n/10;
 131   2                      i++;
 132   2              }
 133   1              
 134   1              for(--i;i>0;i--)                 //problem with >=; remedy=> initialize i=1 and stop at i>0
 135   1              {
 136   2              character(arr[i]);
 137   2              }
 138   1      }
 139          //-----------------------End of LCD Code------------------------// 
 140          
 141          //----------------------GSM Code-----------------------//
 142          void uart_init()
 143          {
 144   1              TMOD=0x20;
 145   1              TH1=0xFD;
 146   1              SCON=0x50;
 147   1              TR1=1;
 148   1      }
 149          
 150          void gstring(unsigned char *p)
 151          {
 152   1              while(*p)
 153   1              Tx(*p++);       
 154   1      }
 155          
 156          void Tx(unsigned char ch)
 157          {
 158   1              SBUF=ch;
 159   1              while(TI==0);
 160   1              TI=0;
 161   1      }
 162          
 163          void lpg_msg()
 164          {
 165   1              s=1;
 166   1              buzzer(2);                                                                              //to send the message once
 167   1              gstring("AT");
 168   1              delay(2000);
 169   1              Tx(0x0d);
 170   1              
 171   1              gstring("AT+CMGF=1");                                           //Configuring as text mode i.e.
 172   1              delay(2000);                                                            //if '0'=>PDU and if '1'=>text mode 
 173   1              Tx(0x0d);                                                                       //0x0d or 13d =>Enter i.e. Enter key
 174   1              delay(2000);
 175   1      
 176   1              cmd(0x01);
 177   1              string("Sending");
 178   1              cmd(0xc0);
 179   1              string("Message...");
C51 COMPILER V8.12   GAS_LEAK_DETECTOR                                                     05/15/2016 21:10:44 PAGE 4   

 180   1              
 181   1              gstring("AT+CMGS=");                                    //'s' for sending message
 182   1              Tx('"');
 183   1              gstring("8007817602");                  
 184   1              Tx('"');
 185   1              delay(2000);
 186   1      
 187   1              Tx(0x0d);
 188   1              delay(2000);
 189   1              
 190   1              gstring("LPG GAS Leakage !");
 191   1              Tx(0x1a);                                                                               //To send the message
 192   1              delay(2000);
 193   1              Tx(0x0d);
 194   1              
 195   1              cmd(0x01);
 196   1              string("Message Sent!");
 197   1              delay(2000);
 198   1      
 199   1              cmd(0x01);
 200   1              string("Message has been");
 201   1              cmd(0xc0);
 202   1              string("Sent to Owner");
 203   1              delay(2000);
 204   1      }
 205          //--------------------End of GSM Code------------------//
 206          
 207          //--------------delay function-------------------------//
 208          void delay(int d)
 209          {
 210   1              unsigned char i;
 211   1              for(;d>0;d--)
 212   1              {
 213   2                      for(i=250;i>0;i--);             //500usec
 214   2                      for(i=250;i>0;i--);             //500usec
 215   2              }
 216   1      }
 217          //-----------------End  of delay function---------------------//
 218          
 219          
 220          //------------------------alarm system-----------------------//
 221          void buzzer(unsigned char b)
 222          {
 223   1              for(;b>0;b--)
 224   1              {
 225   2                      buz=1;
 226   2                      delay(500);
 227   2                      buz=0;
 228   2                      delay(500);
 229   2              }
 230   1      }
 231          //---------------End of alarm system-------------------//
 232          


MODULE INFORMATION:   STATIC OVERLAYABLE
   CODE SIZE        =    667    ----
   CONSTANT SIZE    =    168    ----
   XDATA SIZE       =   ----    ----
   PDATA SIZE       =   ----    ----
   DATA SIZE        =      1      14
   IDATA SIZE       =   ----    ----
C51 COMPILER V8.12   GAS_LEAK_DETECTOR                                                     05/15/2016 21:10:44 PAGE 5   

   BIT SIZE         =   ----    ----
END OF MODULE INFORMATION.


C51 COMPILATION COMPLETE.  0 WARNING(S),  0 ERROR(S)
