C51 COMPILER V8.12   DTMF_VEHICLE                                                          06/04/2016 12:53:16 PAGE 1   


C51 COMPILER V8.12, COMPILATION OF MODULE DTMF_VEHICLE
OBJECT MODULE PLACED IN dtmf_vehicle.OBJ
COMPILER INVOKED BY: C:\Keil\C51\BIN\C51.EXE dtmf_vehicle.c BROWSE DEBUG OBJECTEXTEND

line level    source

   1           #include<reg51.h>
   2          
   3           //functions' declaration
   4          
   5           void delay(int);
   6          
   7           sbit s0=P3^0;
   8           sbit s1=P3^1;
   9           sbit s2=P3^2;
  10           sbit s3=P3^3;
  11          
  12           sbit in1=P2^0;
  13           sbit in2=P2^1;
  14           sbit in3=P2^2;
  15           sbit in4=P2^3;  
  16          
  17           unsigned char m=3;
  18                                                                                                                     
  19          void main()
  20          {
  21   1      
  22   1              in1=in2=in3=in4=0;
  23   1              s0=s1=s2=s3=1;
  24   1              delay(1000);
  25   1      
  26   1              for(;;)
  27   1              {
  28   2                      while(s3==0 && s2==0 && s1==1 && s0==0)
  29   2                      {
  30   3                              in1=1;
  31   3                              in2=0;
  32   3                              in3=1;
  33   3                              in4=0;                  
  34   3                      }
  35   2      
  36   2                      while(s3==0 && s2==1 && s1==0 && s0==0)
  37   2                      {
  38   3                              in1=0;
  39   3                              in2=0;
  40   3                              in3=1;
  41   3                              in4=0;                  
  42   3                      }
  43   2      
  44   2                      while(s3==0 && s2==0 && s1==1 && s0==0)
  45   2                      {
  46   3                              in1=1;
  47   3                              in2=0;
  48   3                              in3=1;
  49   3                              in4=0;                  
  50   3                      }
  51   2      
  52   2                      while(s3==0 && s2==1 && s1==1 && s0==0)
  53   2                      {
  54   3                              in1=1;
  55   3                              in2=0;
C51 COMPILER V8.12   DTMF_VEHICLE                                                          06/04/2016 12:53:16 PAGE 2   

  56   3                              in3=1;
  57   3                              in4=0;                  
  58   3                      }
  59   2                      
  60   2                      while(s3==1 && s2==0 && s1==0 && s0==0)
  61   2                      {
  62   3                              in1=0;
  63   3                              in2=1;
  64   3                              in3=0;
  65   3                              in4=1;                  
  66   3                      }
  67   2                      
  68   2                      while(s3==0 && s2==1 && s1==0 && s0==1)
  69   2                      {
  70   3                              in1=0;
  71   3                              in2=0;
  72   3                              in3=0;
  73   3                              in4=0;                  
  74   3                      }       
  75   2              }       
  76   1      }
  77          
  78          void delay(int d)
  79          {
  80   1              unsigned char i;
  81   1              for(;d>0;d--)
  82   1              {
  83   2                      for(i=250;i>0;i--);             //500usec
  84   2                      for(i=250;i>0;i--);             //500usec
  85   2              }
  86   1      }
  87          
  88          


MODULE INFORMATION:   STATIC OVERLAYABLE
   CODE SIZE        =    182    ----
   CONSTANT SIZE    =   ----    ----
   XDATA SIZE       =   ----    ----
   PDATA SIZE       =   ----    ----
   DATA SIZE        =      1    ----
   IDATA SIZE       =   ----    ----
   BIT SIZE         =   ----    ----
END OF MODULE INFORMATION.


C51 COMPILATION COMPLETE.  0 WARNING(S),  0 ERROR(S)
