C51 COMPILER V9.53.0.0   DTMF_MODULE                                                       03/10/2018 05:04:31 PAGE 1   


C51 COMPILER V9.53.0.0, COMPILATION OF MODULE DTMF_MODULE
OBJECT MODULE PLACED IN dtmf_module.OBJ
COMPILER INVOKED BY: C:\Keil_v5\C51\BIN\C51.EXE dtmf_module.c OPTIMIZE(8,SPEED) BROWSE DEBUG OBJECTEXTEND TABS(2)

line level    source

   1          #include<reg51.h>
   2          #define lcd P2
   3          
   4           //functions' declaration
   5          void init();
   6          void delay(int);
   7          void character(unsigned char);
   8          void cmd(unsigned char);
   9          void string(unsigned char *);
  10          void number(int);
  11          
  12          void display(int a);
  13          
  14          sbit rs=P3^0;
  15          sbit en=P3^1;
  16          
  17          sbit r0=P1^0;
  18          sbit r1=P1^1;
  19          sbit r2=P1^2;
  20          sbit r3=P1^3;
  21          
  22          sbit c0=P1^4;
  23          sbit c1=P1^5;
  24          sbit c2=P1^6;
  25          sbit c3=P1^7;
  26          
  27          // DTMF output simulator
  28          sbit q0=P3^4;
  29          sbit q1=P3^5;
  30          sbit q2=P3^6;
  31          sbit q3=P3^7;
  32          
  33          void main()
  34          {
  35   1        unsigned char m=3;
  36   1        lcd=0x00;
  37   1        rs=0;
  38   1        en=0;
  39   1        init();
  40   1        string("  MOBILE PHONE");
  41   1        delay(2000);
  42   1        
  43   1        cmd(0x01);
  44   1        string("DIALLING...");
  45   1        delay(2000);
  46   1        
  47   1        cmd(0x01);
  48   1        cmd(0x80);
  49   1        string("ENTER THE CODE:");
  50   1          
  51   1        r0=r1=r2=r3=0;      //o/p port
  52   1        c0=c1=c2=c3=1;      //i/p port
  53   1        q0=q1=q2=q3=0;      // make dtmf output simulator pins as output
  54   1      
  55   1      //-------------------Keypad Code--------------------//
C51 COMPILER V9.53.0.0   DTMF_MODULE                                                       03/10/2018 05:04:31 PAGE 2   

  56   1        while(1)
  57   1        {
  58   2          r0=r1=r2=r3=0;
  59   2          
  60   2          if(c0==0)
  61   2          {
  62   3            r0=r1=r2=r3=1;         //to start making each row=0 one by one
  63   3            r0=0;
  64   3            if(c0==0)
  65   3            display(1);
  66   3            r0=1;
  67   3            r1=0;
  68   3            if(c0==0)
  69   3            display(5);
  70   3            r1=1;
  71   3            r2=0;
  72   3            if(c0==0)
  73   3            display(9);
  74   3            r2=1;
  75   3            r3=0;
  76   3            if(c0==0)
  77   3            display(13); 
  78   3          }
  79   2            
  80   2          else if(c1==0)
  81   2          {
  82   3            r0=r1=r2=r3=1;         //to start making each row=0 one by one
  83   3            r0=0;
  84   3            if(c1==0)
  85   3            display(2);
  86   3            r0=1;
  87   3            r1=0;
  88   3            if(c1==0)
  89   3            display(6);
  90   3            r1=1;
  91   3            r2=0;
  92   3            if(c1==0)
  93   3            display(10);
  94   3            r2=1;
  95   3            r3=0;
  96   3            if(c1==0)
  97   3            display(14);
  98   3          }
  99   2          
 100   2          else if(c2==0)
 101   2          {
 102   3            r0=r1=r2=r3=1;         //to start making each row=0 one by one
 103   3            r0=0;
 104   3            if(c2==0)
 105   3            display(3);
 106   3            r0=1;
 107   3            r1=0;
 108   3            if(c2==0)
 109   3            display(7);
 110   3            r1=1;
 111   3            r2=0;
 112   3            if(c2==0)
 113   3            display(11);
 114   3            r2=1;
 115   3            r3=0;
 116   3            if(c2==0)
 117   3            display(15);
C51 COMPILER V9.53.0.0   DTMF_MODULE                                                       03/10/2018 05:04:31 PAGE 3   

 118   3          }
 119   2          else if(c3==0)
 120   2          {
 121   3            r0=r1=r2=r3=1;         //to start making each row=0 one by one
 122   3            r0=0;
 123   3            if(c3==0)
 124   3            display(4);
 125   3            r0=1;
 126   3            r1=0;
 127   3            if(c3==0)
 128   3            display(8);
 129   3            r1=1;
 130   3            r2=0;
 131   3            if(c3==0)
 132   3            display(12);
 133   3            r2=1;
 134   3            r3=0;
 135   3            if(c3==0)
 136   3            display(16);
 137   3          } 
 138   2        }
 139   1      }
 140          
 141          void display(int a) 
 142          {
 143   1        switch(a)
 144   1        {
 145   2          case 1:{
 146   3                 cmd(0x01);
 147   3                 string("1");
 148   3                 q3=0; q2=0; q1=0; q0=1;
 149   3              
 150   3                 break;
 151   3             }
 152   2          case 2:{
 153   3                 cmd(0x01);
 154   3                 string("2");
 155   3                 q3=0; q2=0; q1=1; q0=0;
 156   3                 break;
 157   3             }
 158   2          case 3:{
 159   3                 cmd(0x01);
 160   3                 string("3");
 161   3                 q3=0; q2=0; q1=1; q0=1;
 162   3                 break;
 163   3             }
 164   2          case 5:{
 165   3                 cmd(0x01);
 166   3                 string("4");
 167   3                 q3=0; q2=1; q1=0; q0=0;
 168   3                 break;
 169   3             }
 170   2          case 6:{
 171   3                 cmd(0x01);
 172   3                 string("5");
 173   3                 q3=0; q2=1; q1=0; q0=1;
 174   3                 break;
 175   3             }
 176   2          case 7:{
 177   3                 cmd(0x01);
 178   3                 string("6");
 179   3                 q3=0; q2=1; q1=1; q0=0;
C51 COMPILER V9.53.0.0   DTMF_MODULE                                                       03/10/2018 05:04:31 PAGE 4   

 180   3                 break;
 181   3             }
 182   2          case 9:{
 183   3                 cmd(0x01);
 184   3                 string("7");
 185   3                 q3=0; q2=1; q1=1; q0=1;
 186   3                 break;
 187   3             }
 188   2          case 10:{
 189   3                 cmd(0x01);
 190   3                 string("8");
 191   3                 q3=1; q2=0; q1=0; q0=0;
 192   3                 break;
 193   3             }
 194   2          case 11:{
 195   3                 cmd(0x01);
 196   3                 string("9");
 197   3                 q3=1; q2=0; q1=0; q0=1;
 198   3                 break;
 199   3              }
 200   2          case 13:{
 201   3                 cmd(0x01);
 202   3                 string("*");
 203   3                 q3=1; q2=0; q1=1; q0=1;
 204   3                 break;
 205   3              }
 206   2          case 14:{
 207   3                 cmd(0x01);
 208   3                 string("0");
 209   3                 q3=0; q2=0; q1=0; q0=0;
 210   3                 break;
 211   3              }
 212   2          case 15:{
 213   3                 cmd(0x01);
 214   3                 string("#");
 215   3                 q3=1; q2=1; q1=0; q0=0;
 216   3                 break;
 217   3              }   
 218   2        }
 219   1      }
 220          //-----------End of Keypad Code----------------//
 221          
 222          //-----------------LCD Code---------------------//
 223          
 224          void init()
 225          {
 226   1      
 227   1        cmd(0x01);     //clear the screen c
 228   1      
 229   1        cmd(0x38);     //8-bit mode with 5*7 matrix
 230   1        cmd(0x0c);     //display on with cursor =>(0ch=curson off; 0fh=cursor blinking; 0eh=curson on)
 231   1        
 232   1        
 233   1        cmd(0x06);     //shift cursor =>(06h right--> ; 04h <---left; default=right--->)
 234   1        cmd(0x80);     //position =>(80=1st row 1st position; c0=2nd row 1st position)
 235   1      }
 236          
 237          void cmd(unsigned char ch)
 238          {
 239   1        lcd=ch;
 240   1        rs=0;
 241   1        en=1;
C51 COMPILER V9.53.0.0   DTMF_MODULE                                                       03/10/2018 05:04:31 PAGE 5   

 242   1        delay(2);
 243   1        en=0;
 244   1      }
 245          
 246          void character(unsigned char ch)
 247          {
 248   1        lcd=ch;
 249   1        rs=1;
 250   1        en=1;
 251   1        delay(2);
 252   1        en=0;
 253   1      }
 254          
 255          void string(unsigned char *p)
 256          {
 257   1        while(*p)
 258   1        character(*p++);
 259   1      }
 260          
 261          void number(int n)
 262          { 
 263   1        unsigned char i=1,arr[5];
 264   1      
 265   1        if(n<0)
 266   1        {
 267   2          character('-');     //signed representation for negative number
 268   2          n=-n;         //taking magnitude 
 269   2        }
 270   1        if(n==0)
 271   1          character('0');
 272   1        while(n>0)
 273   1        {
 274   2          arr[i]=(n%10)+48;
 275   2          n=n/10;
 276   2          i++;
 277   2        }
 278   1        
 279   1        for(--i;i>0;i--)     //problem with >=; remedy=> initialize i=1 and stop at i>0
 280   1        {
 281   2        character(arr[i]);
 282   2        }
 283   1      }
 284          
 285          void delay(int d)
 286          {
 287   1        unsigned char i;
 288   1        for(;d>0;d--)
 289   1        {
 290   2          for(i=250;i>0;i--);   //500usec
 291   2          for(i=250;i>0;i--);   //500usec
 292   2        }
 293   1      }
 294          
 295          
 296          //---------------End of LCD Code----------------------//


MODULE INFORMATION:   STATIC OVERLAYABLE
   CODE SIZE        =    932    ----
   CONSTANT SIZE    =     67    ----
   XDATA SIZE       =   ----    ----
   PDATA SIZE       =   ----    ----
C51 COMPILER V9.53.0.0   DTMF_MODULE                                                       03/10/2018 05:04:31 PAGE 6   

   DATA SIZE        =   ----      12
   IDATA SIZE       =   ----    ----
   BIT SIZE         =   ----    ----
END OF MODULE INFORMATION.


C51 COMPILATION COMPLETE.  0 WARNING(S),  0 ERROR(S)
