C51 COMPILER V8.12   DICE                                                                  07/11/2016 19:47:17 PAGE 1   


C51 COMPILER V8.12, COMPILATION OF MODULE DICE
OBJECT MODULE PLACED IN dice.OBJ
COMPILER INVOKED BY: C:\Keil\C51\BIN\C51.EXE dice.c BROWSE DEBUG OBJECTEXTEND

line level    source

   1          #include<reg51.h>
   2          #define seven_seg P1
   3          void delay(unsigned int d);
   4          
   5          sbit reset=P3^2;
   6          sbit stop=P3^3;
   7          sbit start=P3^4;
   8          
   9          
  10          //unsigned char n,arr[]={0x06,0x5b,0x4f,0x66,0x6d,0x7d};        // Hex values corresponding to 1 to 6 for 
             -Common Cathode
  11          unsigned char n,arr[]={0xf9,0xa4,0xb0,0x99,0x92,0x82};             //
  12          void ex0()interrupt 0
  13          {
  14   1              seven_seg=0xc0;                                                                                 //to reset in any condition
  15   1      
  16   1              while(start==1);                                                                   //wait till start button is pressed
  17   1      }
  18          
  19          void ex1() interrupt 2
  20          {
  21   1              while(start==1 && reset==1)                                              
  22   1              seven_seg=arr[n];                                                                                //stop and show till start or reset button is pressed
  23   1      }
  24          
  25          void main()
  26          {
  27   1              seven_seg=0xc0;                                                                    //initially zero
  28   1              start=1;
  29   1              EA=1;                                                                            //interrupt enable bit
  30   1              EX0=1;                                                                           //INTO is enabled
  31   1              EX1=1;                                                                           //INT1 is enabled
  32   1                                                                                                       //wait till the start button is pressed
  33   1              while(start==1);
  34   1      
  35   1          while(1)
  36   1          {
  37   2              for(n=0;n<6;n++)                                          
  38   2                      {
  39   3                              seven_seg=arr[n];                                         //showing 1 to 6 continuously
  40   3                      delay(100);
  41   3                      }
  42   2              }
  43   1      }
  44          
  45          void delay(unsigned int d)
  46          {
  47   1              unsigned char i;
  48   1              for(;d>0;d--)
  49   1              {
  50   2               for(i=255;i>0;i--);
  51   2               for(i=255;i>0;i--);
  52   2              }
  53   1      
  54   1      }
C51 COMPILER V8.12   DICE                                                                  07/11/2016 19:47:17 PAGE 2   



MODULE INFORMATION:   STATIC OVERLAYABLE
   CODE SIZE        =    107    ----
   CONSTANT SIZE    =   ----    ----
   XDATA SIZE       =   ----    ----
   PDATA SIZE       =   ----    ----
   DATA SIZE        =      7    ----
   IDATA SIZE       =   ----    ----
   BIT SIZE         =   ----    ----
END OF MODULE INFORMATION.


C51 COMPILATION COMPLETE.  0 WARNING(S),  0 ERROR(S)
